SF:lib/utils/app_theme.dart
DA:5,2
DA:6,2
DA:32,2
DA:33,2
DA:38,2
DA:39,2
DA:43,2
DA:44,2
DA:48,2
DA:49,2
DA:53,2
DA:54,2
DA:59,2
DA:64,2
DA:65,2
DA:68,2
DA:69,2
DA:72,2
DA:73,2
DA:76,2
DA:77,2
DA:81,2
DA:84,2
DA:85,2
LF:24
LH:24
end_of_record
SF:lib/main.dart
DA:4,0
DA:5,0
DA:9,2
DA:12,1
DA:14,1
DA:16,1
DA:23,1
DA:36,1
DA:37,1
DA:43,1
DA:44,2
DA:50,2
DA:54,1
DA:62,1
DA:63,1
DA:67,3
DA:70,3
DA:72,1
DA:75,1
DA:90,1
DA:94,1
DA:95,2
DA:96,3
DA:101,1
DA:102,1
LF:25
LH:23
end_of_record
SF:lib/widgets/custom_card.dart
DA:12,2
DA:23,1
DA:25,1
DA:26,1
DA:27,1
DA:28,1
DA:29,1
DA:30,2
DA:32,1
DA:33,1
DA:34,1
DA:38,1
DA:39,1
DA:40,1
DA:41,2
LF:15
LH:15
end_of_record
SF:lib/widgets/custom_button.dart
DA:13,1
DA:25,1
DA:27,1
DA:29,1
DA:30,1
DA:31,1
DA:32,1
DA:33,2
DA:34,1
DA:35,2
DA:36,1
DA:37,2
DA:41,4
DA:46,1
DA:57,1
DA:58,1
DA:59,1
DA:60,1
LF:18
LH:18
end_of_record
SF:lib/widgets/custom_text_field.dart
DA:16,1
DA:31,1
DA:33,1
DA:34,1
DA:35,1
DA:36,1
DA:37,1
DA:38,1
DA:39,1
DA:40,1
DA:41,1
DA:42,1
DA:43,1
DA:44,1
DA:45,1
DA:46,1
DA:47,1
DA:48,1
DA:49,1
DA:51,3
DA:56,1
DA:57,1
DA:58,1
DA:59,2
DA:63,1
DA:64,1
DA:65,1
DA:66,1
DA:67,2
DA:73,1
DA:74,1
DA:75,1
LF:32
LH:32
end_of_record
