SF:lib/utils/app_theme.dart
DA:5,2
DA:6,2
DA:32,2
DA:33,2
DA:38,2
DA:39,2
DA:43,2
DA:44,2
DA:48,2
DA:49,2
DA:53,2
DA:54,2
DA:59,2
DA:64,2
DA:65,2
DA:68,2
DA:69,2
DA:72,2
DA:73,2
DA:76,2
DA:77,2
DA:81,2
DA:84,2
DA:85,2
LF:24
LH:24
end_of_record
SF:lib/main.dart
DA:5,0
DA:6,0
DA:10,5
DA:13,1
DA:15,1
DA:17,1
DA:20,1
DA:21,1
DA:22,0
DA:29,4
DA:42,0
DA:43,0
DA:49,0
DA:50,0
DA:56,0
DA:60,0
DA:68,0
DA:69,0
DA:73,0
DA:76,0
DA:78,0
DA:81,0
DA:96,0
DA:100,0
DA:101,0
DA:102,0
DA:107,0
DA:108,0
LF:28
LH:7
end_of_record
SF:lib/screens/welcome_screen.dart
DA:9,5
DA:11,2
DA:12,2
DA:46,2
DA:48,2
DA:49,2
DA:57,2
DA:59,4
DA:60,2
DA:63,1
DA:64,2
DA:65,1
DA:69,1
DA:70,1
DA:73,1
DA:74,1
DA:77,1
DA:78,3
DA:81,1
DA:82,5
DA:83,2
DA:88,1
DA:92,2
DA:94,2
DA:96,2
DA:97,2
DA:98,2
DA:100,2
DA:102,2
DA:104,2
DA:105,2
DA:118,2
DA:119,2
DA:120,2
DA:121,2
DA:122,4
DA:123,2
DA:124,4
DA:125,2
DA:127,2
DA:129,2
DA:131,2
DA:132,2
DA:139,2
DA:140,2
DA:143,2
DA:146,2
DA:147,2
DA:148,2
DA:158,2
DA:159,2
DA:169,2
DA:171,2
DA:172,2
DA:190,2
DA:192,2
DA:193,2
DA:194,2
DA:195,2
DA:196,4
DA:199,2
DA:200,10
DA:203,2
LF:63
LH:63
end_of_record
SF:lib/models/onboarding_slide.dart
DA:10,2
LF:1
LH:1
end_of_record
SF:lib/widgets/slide_indicator.dart
DA:8,3
DA:14,3
DA:16,3
DA:18,3
DA:19,3
DA:20,6
DA:24,6
DA:25,3
DA:26,6
DA:28,3
DA:29,3
LF:11
LH:11
end_of_record
SF:lib/widgets/custom_button.dart
DA:13,3
DA:25,3
DA:27,3
DA:29,3
DA:30,3
DA:31,3
DA:32,3
DA:33,6
DA:34,3
DA:35,4
DA:36,3
DA:37,6
DA:41,10
DA:46,1
DA:57,3
DA:58,3
DA:59,3
DA:60,3
LF:18
LH:18
end_of_record
SF:lib/widgets/custom_card.dart
DA:12,2
DA:23,1
DA:25,1
DA:26,1
DA:27,1
DA:28,1
DA:29,1
DA:30,2
DA:32,1
DA:33,1
DA:34,1
DA:38,1
DA:39,1
DA:40,1
DA:41,2
LF:15
LH:15
end_of_record
SF:lib/widgets/custom_text_field.dart
DA:16,1
DA:31,1
DA:33,1
DA:34,1
DA:35,1
DA:36,1
DA:37,1
DA:38,1
DA:39,1
DA:40,1
DA:41,1
DA:42,1
DA:43,1
DA:44,1
DA:45,1
DA:46,1
DA:47,1
DA:48,1
DA:49,1
DA:51,3
DA:56,1
DA:57,1
DA:58,1
DA:59,2
DA:63,1
DA:64,1
DA:65,1
DA:66,1
DA:67,2
DA:73,1
DA:74,1
DA:75,1
LF:32
LH:32
end_of_record
